[master (root-commit) dcced25] Auto-deploy changes
 40 files changed, 108 insertions(+)
 create mode 100644 README.md
 create mode 100644 assets/css/styles.css
 create mode 100644 assets/js/scripts.js
 create mode 100644 deploy.sh
 create mode 100644 hesabfa.php
 create mode 100644 includes/admin/AdminAjax.php
 create mode 100644 includes/admin/AdminMenu.php
 create mode 100644 includes/admin/AdminSettings.php
 create mode 100644 includes/api/ProductApi.php
 create mode 100644 includes/api/ReportApi.php
 create mode 100644 includes/api/SaleApi.php
 create mode 100644 includes/controllers/ProductController.php
 create mode 100644 includes/controllers/PurchaseController.php
 create mode 100644 includes/controllers/ReportController.php
 create mode 100644 includes/controllers/SaleController.php
 create mode 100644 includes/core/Core.php
 create mode 100644 includes/core/Installer.php
 create mode 100644 includes/core/Router.php
 create mode 100644 includes/helpers/DatabaseHelper.php
 create mode 100644 includes/helpers/TaxHelper.php
 create mode 100644 includes/helpers/ValidationHelper.php
 create mode 100644 includes/languages/hesabfa-fa_IR.po
 create mode 100644 includes/models/Product.php
 create mode 100644 includes/models/Purchase.php
 create mode 100644 includes/models/Report.php
 create mode 100644 includes/models/Sale.php
 create mode 100644 includes/views/products/add.php
 create mode 100644 includes/views/products/edit.php
 create mode 100644 includes/views/products/list.php
 create mode 100644 includes/views/purchases/add.php
 create mode 100644 includes/views/purchases/edit.php
 create mode 100644 includes/views/purchases/list.php
 create mode 100644 includes/views/reports/profit-loss.php
 create mode 100644 includes/views/reports/purchases.php
 create mode 100644 includes/views/reports/sales.php
 create mode 100644 includes/views/sales/add.php
 create mode 100644 includes/views/sales/edit.php
 create mode 100644 includes/views/sales/list.php
 create mode 100644 nohup.out
 create mode 100644 uninstall.php
error: src refspec main does not match any
error: failed to push some refs to '[https://github.com/akradimo/hesabfa]'
On branch master
nothing to commit, working tree clean
error: src refspec main does not match any
error: failed to push some refs to '[https://github.com/akradimo/hesabfa]'
On branch master
nothing to commit, working tree clean
error: src refspec main does not match any
error: failed to push some refs to '[https://github.com/akradimo/hesabfa]'
warning: in the working copy of 'nohup.out', LF will be replaced by CRLF the next time Git touches it
[master 8b9816d] Auto-deploy changes
 1 file changed, 52 insertions(+)
error: src refspec main does not match any
error: failed to push some refs to '[https://github.com/akradimo/hesabfa]'
warning: in the working copy of 'nohup.out', LF will be replaced by CRLF the next time Git touches it
[master ad641cd] Auto-deploy changes
 1 file changed, 4 insertions(+)
error: src refspec main does not match any
error: failed to push some refs to '[https://github.com/akradimo/hesabfa]'
warning: in the working copy of 'nohup.out', LF will be replaced by CRLF the next time Git touches it
[master 4e1a654] Auto-deploy changes
 1 file changed, 1 insertion(+)
error: src refspec main does not match any
error: failed to push some refs to '[https://github.com/akradimo/hesabfa]'
warning: in the working copy of 'nohup.out', LF will be replaced by CRLF the next time Git touches it
[master f56623e] Auto-deploy changes
 1 file changed, 5 insertions(+)
error: src refspec main does not match any
error: failed to push some refs to '[https://github.com/akradimo/hesabfa]'
warning: in the working copy of 'nohup.out', LF will be replaced by CRLF the next time Git touches it
[master 5ee9925] Auto-deploy changes
 1 file changed, 5 insertions(+)
error: src refspec main does not match any
error: failed to push some refs to '[https://github.com/akradimo/hesabfa]'
warning: in the working copy of 'nohup.out', LF will be replaced by CRLF the next time Git touches it
[master 61458c3] Auto-deploy changes
 1 file changed, 5 insertions(+)
error: src refspec main does not match any
error: failed to push some refs to '[https://github.com/akradimo/hesabfa]'
warning: in the working copy of 'nohup.out', LF will be replaced by CRLF the next time Git touches it
[master c853d28] Auto-deploy changes
 1 file changed, 5 insertions(+)
error: src refspec main does not match any
error: failed to push some refs to '[https://github.com/akradimo/hesabfa]'
warning: in the working copy of 'nohup.out', LF will be replaced by CRLF the next time Git touches it
[master d75aab6] Auto-deploy changes
 1 file changed, 5 insertions(+)
error: src refspec main does not match any
error: failed to push some refs to '[https://github.com/akradimo/hesabfa]'
warning: in the working copy of 'nohup.out', LF will be replaced by CRLF the next time Git touches it
[master e523cd7] Auto-deploy changes
 1 file changed, 5 insertions(+)
error: src refspec main does not match any
error: failed to push some refs to '[https://github.com/akradimo/hesabfa]'
warning: in the working copy of 'nohup.out', LF will be replaced by CRLF the next time Git touches it
[master 46cdf46] Auto-deploy changes
 1 file changed, 5 insertions(+)
error: src refspec main does not match any
error: failed to push some refs to '[https://github.com/akradimo/hesabfa]'
warning: in the working copy of 'nohup.out', LF will be replaced by CRLF the next time Git touches it
[master ef722c4] Auto-deploy changes
 2 files changed, 6 insertions(+)
 create mode 100644 aaa.txt
error: src refspec main does not match any
error: failed to push some refs to '[https://github.com/akradimo/hesabfa]'
warning: in the working copy of 'nohup.out', LF will be replaced by CRLF the next time Git touches it
[master 6c86671] Auto-deploy changes
 1 file changed, 5 insertions(+)
error: src refspec main does not match any
error: failed to push some refs to '[https://github.com/akradimo/hesabfa]'
warning: in the working copy of 'nohup.out', LF will be replaced by CRLF the next time Git touches it
[master 72958fb] Auto-deploy changes
 1 file changed, 6 insertions(+)
error: src refspec main does not match any
error: failed to push some refs to '[https://github.com/akradimo/hesabfa]'
warning: in the working copy of 'nohup.out', LF will be replaced by CRLF the next time Git touches it
[master 89da072] Auto-deploy changes
 1 file changed, 5 insertions(+)
error: src refspec main does not match any
error: failed to push some refs to '[https://github.com/akradimo/hesabfa]'
warning: in the working copy of 'nohup.out', LF will be replaced by CRLF the next time Git touches it
[master da4f7da] Auto-deploy changes
 1 file changed, 9 insertions(+)
error: src refspec main does not match any
error: failed to push some refs to '[https://github.com/akradimo/hesabfa]'
warning: in the working copy of 'nohup.out', LF will be replaced by CRLF the next time Git touches it
[master a4082d3] Auto-deploy changes
 1 file changed, 1 insertion(+)
error: src refspec main does not match any
error: failed to push some refs to '[https://github.com/akradimo/hesabfa]'
warning: in the working copy of 'nohup.out', LF will be replaced by CRLF the next time Git touches it
[master 6026272] Auto-deploy changes
 1 file changed, 5 insertions(+)
error: src refspec main does not match any
error: failed to push some refs to '[https://github.com/akradimo/hesabfa]'
warning: in the working copy of 'nohup.out', LF will be replaced by CRLF the next time Git touches it
[master eb18a9a] Auto-deploy changes
 1 file changed, 5 insertions(+)
error: src refspec main does not match any
error: failed to push some refs to '[https://github.com/akradimo/hesabfa]'
warning: in the working copy of 'nohup.out', LF will be replaced by CRLF the next time Git touches it
[master 171180e] Auto-deploy changes
 1 file changed, 5 insertions(+)
error: src refspec main does not match any
error: failed to push some refs to '[https://github.com/akradimo/hesabfa]'
warning: in the working copy of 'nohup.out', LF will be replaced by CRLF the next time Git touches it
[master e2cf3b1] Auto-deploy changes
 1 file changed, 5 insertions(+)
error: src refspec main does not match any
error: failed to push some refs to '[https://github.com/akradimo/hesabfa]'
warning: in the working copy of 'nohup.out', LF will be replaced by CRLF the next time Git touches it
[master 3b2621b] Auto-deploy changes
 1 file changed, 5 insertions(+)
error: src refspec main does not match any
error: failed to push some refs to '[https://github.com/akradimo/hesabfa]'
warning: in the working copy of 'nohup.out', LF will be replaced by CRLF the next time Git touches it
[master db82c34] Auto-deploy changes
 1 file changed, 5 insertions(+)
error: src refspec main does not match any
error: failed to push some refs to '[https://github.com/akradimo/hesabfa]'
warning: in the working copy of 'nohup.out', LF will be replaced by CRLF the next time Git touches it
[master cccdc14] Auto-deploy changes
 1 file changed, 5 insertions(+)
error: src refspec main does not match any
error: failed to push some refs to '[https://github.com/akradimo/hesabfa]'
warning: in the working copy of 'nohup.out', LF will be replaced by CRLF the next time Git touches it
[master 95b3039] Auto-deploy changes
 1 file changed, 5 insertions(+)
error: src refspec main does not match any
error: failed to push some refs to '[https://github.com/akradimo/hesabfa]'
warning: in the working copy of 'nohup.out', LF will be replaced by CRLF the next time Git touches it
[master 8bd3c68] Auto-deploy changes
 1 file changed, 5 insertions(+)
error: src refspec main does not match any
error: failed to push some refs to '[https://github.com/akradimo/hesabfa]'
warning: in the working copy of 'nohup.out', LF will be replaced by CRLF the next time Git touches it
[master ee1b019] Auto-deploy changes
 1 file changed, 5 insertions(+)
error: src refspec main does not match any
error: failed to push some refs to '[https://github.com/akradimo/hesabfa]'
warning: in the working copy of 'nohup.out', LF will be replaced by CRLF the next time Git touches it
[master 9b25311] Auto-deploy changes
 1 file changed, 5 insertions(+)
error: src refspec main does not match any
error: failed to push some refs to '[https://github.com/akradimo/hesabfa]'
warning: in the working copy of 'nohup.out', LF will be replaced by CRLF the next time Git touches it
[master ac13232] Auto-deploy changes
 1 file changed, 5 insertions(+)
error: src refspec main does not match any
error: failed to push some refs to '[https://github.com/akradimo/hesabfa]'
warning: in the working copy of 'nohup.out', LF will be replaced by CRLF the next time Git touches it
[master 5ac89fa] Auto-deploy changes
 1 file changed, 5 insertions(+)
error: src refspec main does not match any
error: failed to push some refs to '[https://github.com/akradimo/hesabfa]'
warning: in the working copy of 'nohup.out', LF will be replaced by CRLF the next time Git touches it
[master 770223f] Auto-deploy changes
 1 file changed, 5 insertions(+)
error: src refspec main does not match any
error: failed to push some refs to '[https://github.com/akradimo/hesabfa]'
warning: in the working copy of 'nohup.out', LF will be replaced by CRLF the next time Git touches it
[master 10f533f] Auto-deploy changes
 1 file changed, 5 insertions(+)
error: src refspec main does not match any
error: failed to push some refs to '[https://github.com/akradimo/hesabfa]'
warning: in the working copy of 'nohup.out', LF will be replaced by CRLF the next time Git touches it
[master 6316ccf] Auto-deploy changes
 1 file changed, 9 insertions(+)
error: src refspec main does not match any
error: failed to push some refs to '[https://github.com/akradimo/hesabfa]'
warning: in the working copy of 'nohup.out', LF will be replaced by CRLF the next time Git touches it
[master 7825d44] Auto-deploy changes
 1 file changed, 1 insertion(+)
error: src refspec main does not match any
error: failed to push some refs to '[https://github.com/akradimo/hesabfa]'
warning: in the working copy of 'nohup.out', LF will be replaced by CRLF the next time Git touches it
[master a07e3bf] Auto-deploy changes
 1 file changed, 5 insertions(+)
error: src refspec main does not match any
error: failed to push some refs to '[https://github.com/akradimo/hesabfa]'
warning: in the working copy of 'nohup.out', LF will be replaced by CRLF the next time Git touches it
[master bf525c2] Auto-deploy changes
 1 file changed, 9 insertions(+)
error: src refspec main does not match any
error: failed to push some refs to '[https://github.com/akradimo/hesabfa]'
warning: in the working copy of 'nohup.out', LF will be replaced by CRLF the next time Git touches it
[master 51633a1] Auto-deploy changes
 1 file changed, 5 insertions(+)
error: src refspec main does not match any
error: failed to push some refs to '[https://github.com/akradimo/hesabfa]'
warning: in the working copy of 'nohup.out', LF will be replaced by CRLF the next time Git touches it
[master f2a2212] Auto-deploy changes
 1 file changed, 1 insertion(+)
error: src refspec main does not match any
error: failed to push some refs to '[https://github.com/akradimo/hesabfa]'
warning: in the working copy of 'nohup.out', LF will be replaced by CRLF the next time Git touches it
[master 88858bd] Auto-deploy changes
 1 file changed, 5 insertions(+)
error: src refspec main does not match any
error: failed to push some refs to '[https://github.com/akradimo/hesabfa]'
warning: in the working copy of 'nohup.out', LF will be replaced by CRLF the next time Git touches it
[master 8dd4c10] Auto-deploy changes
 1 file changed, 9 insertions(+)
error: src refspec main does not match any
error: failed to push some refs to '[https://github.com/akradimo/hesabfa]'
warning: in the working copy of 'nohup.out', LF will be replaced by CRLF the next time Git touches it
[master 8d2664d] Auto-deploy changes
 1 file changed, 1 insertion(+)
error: src refspec main does not match any
error: failed to push some refs to '[https://github.com/akradimo/hesabfa]'
warning: in the working copy of 'nohup.out', LF will be replaced by CRLF the next time Git touches it
[master a01cd13] Auto-deploy changes
 1 file changed, 9 insertions(+)
error: src refspec main does not match any
error: failed to push some refs to '[https://github.com/akradimo/hesabfa]'
warning: in the working copy of 'nohup.out', LF will be replaced by CRLF the next time Git touches it
[master 0b6e7fe] Auto-deploy changes
 1 file changed, 1 insertion(+)
error: src refspec main does not match any
error: failed to push some refs to '[https://github.com/akradimo/hesabfa]'
[master 20916a5] Auto-deploy changes
 1 file changed, 9 insertions(+)
error: src refspec main does not match any
error: failed to push some refs to '[https://github.com/akradimo/hesabfa]'
On branch master
nothing to commit, working tree clean
error: src refspec main does not match any
error: failed to push some refs to '[https://github.com/akradimo/hesabfa]'
On branch master
nothing to commit, working tree clean
error: src refspec main does not match any
error: failed to push some refs to '[https://github.com/akradimo/hesabfa]'
On branch master
nothing to commit, working tree clean
error: src refspec main does not match any
error: failed to push some refs to '[https://github.com/akradimo/hesabfa]'
On branch master
nothing to commit, working tree clean
error: src refspec main does not match any
error: failed to push some refs to '[https://github.com/akradimo/hesabfa]'
On branch master
nothing to commit, working tree clean
error: src refspec main does not match any
error: failed to push some refs to '[https://github.com/akradimo/hesabfa]'
On branch master
nothing to commit, working tree clean
error: src refspec main does not match any
error: failed to push some refs to 'https://github.com/akradimo/hesabfa.git'
On branch master
nothing to commit, working tree clean
error: src refspec main does not match any
error: failed to push some refs to 'https://github.com/akradimo/hesabfa.git'
On branch master
nothing to commit, working tree clean
error: src refspec main does not match any
error: failed to push some refs to 'https://github.com/akradimo/hesabfa.git'
On branch master
Your branch is up to date with 'origin/master'.

nothing to commit, working tree clean
error: src refspec main does not match any
error: failed to push some refs to 'https://github.com/akradimo/hesabfa.git'
On branch master
Your branch is up to date with 'origin/master'.

nothing to commit, working tree clean
error: src refspec main does not match any
error: failed to push some refs to 'https://github.com/akradimo/hesabfa.git'
On branch master
Your branch is up to date with 'origin/master'.

nothing to commit, working tree clean
error: src refspec main does not match any
error: failed to push some refs to 'https://github.com/akradimo/hesabfa.git'
On branch master
Your branch is up to date with 'origin/master'.

nothing to commit, working tree clean
error: src refspec main does not match any
error: failed to push some refs to 'https://github.com/akradimo/hesabfa.git'
On branch master
Your branch is up to date with 'origin/master'.

nothing to commit, working tree clean
error: src refspec main does not match any
error: failed to push some refs to 'https://github.com/akradimo/hesabfa.git'
On branch master
Your branch is up to date with 'origin/master'.

nothing to commit, working tree clean
error: src refspec main does not match any
error: failed to push some refs to 'https://github.com/akradimo/hesabfa.git'
On branch master
Your branch is up to date with 'origin/master'.

nothing to commit, working tree clean
error: src refspec main does not match any
error: failed to push some refs to 'https://github.com/akradimo/hesabfa.git'
On branch master
Your branch is up to date with 'origin/master'.

nothing to commit, working tree clean
error: src refspec main does not match any
error: failed to push some refs to 'https://github.com/akradimo/hesabfa.git'
On branch master
Your branch is up to date with 'origin/master'.

nothing to commit, working tree clean
error: src refspec main does not match any
error: failed to push some refs to 'https://github.com/akradimo/hesabfa.git'
On branch master
Your branch is up to date with 'origin/master'.

nothing to commit, working tree clean
error: src refspec main does not match any
error: failed to push some refs to 'https://github.com/akradimo/hesabfa.git'
On branch master
Your branch is up to date with 'origin/master'.

nothing to commit, working tree clean
error: src refspec main does not match any
error: failed to push some refs to 'https://github.com/akradimo/hesabfa.git'
On branch master
Your branch is up to date with 'origin/master'.

nothing to commit, working tree clean
error: src refspec main does not match any
error: failed to push some refs to 'https://github.com/akradimo/hesabfa.git'
On branch master
Your branch is up to date with 'origin/master'.

nothing to commit, working tree clean
error: src refspec main does not match any
error: failed to push some refs to 'https://github.com/akradimo/hesabfa.git'
On branch master
Your branch is up to date with 'origin/master'.

nothing to commit, working tree clean
error: src refspec main does not match any
error: failed to push some refs to 'https://github.com/akradimo/hesabfa.git'
On branch master
Your branch is up to date with 'origin/master'.

nothing to commit, working tree clean
error: src refspec main does not match any
error: failed to push some refs to 'https://github.com/akradimo/hesabfa.git'
On branch master
Your branch is up to date with 'origin/master'.

nothing to commit, working tree clean
error: src refspec main does not match any
error: failed to push some refs to 'https://github.com/akradimo/hesabfa.git'
On branch master
Your branch is up to date with 'origin/master'.

nothing to commit, working tree clean
error: src refspec main does not match any
error: failed to push some refs to 'https://github.com/akradimo/hesabfa.git'
On branch master
Your branch is up to date with 'origin/master'.

nothing to commit, working tree clean
error: src refspec main does not match any
error: failed to push some refs to 'https://github.com/akradimo/hesabfa.git'
On branch master
Your branch is up to date with 'origin/master'.

nothing to commit, working tree clean
error: src refspec main does not match any
error: failed to push some refs to 'https://github.com/akradimo/hesabfa.git'
On branch master
Your branch is up to date with 'origin/master'.

nothing to commit, working tree clean
error: src refspec main does not match any
error: failed to push some refs to 'https://github.com/akradimo/hesabfa.git'
On branch master
Your branch is up to date with 'origin/master'.

nothing to commit, working tree clean
error: src refspec main does not match any
error: failed to push some refs to 'https://github.com/akradimo/hesabfa.git'
On branch master
Your branch is up to date with 'origin/master'.

nothing to commit, working tree clean
error: src refspec main does not match any
error: failed to push some refs to 'https://github.com/akradimo/hesabfa.git'
On branch master
Your branch is up to date with 'origin/master'.

nothing to commit, working tree clean
error: src refspec main does not match any
error: failed to push some refs to 'https://github.com/akradimo/hesabfa.git'
On branch master
Your branch is up to date with 'origin/master'.

nothing to commit, working tree clean
error: src refspec main does not match any
error: failed to push some refs to 'https://github.com/akradimo/hesabfa.git'
On branch master
Your branch is up to date with 'origin/master'.

nothing to commit, working tree clean
error: src refspec main does not match any
error: failed to push some refs to 'https://github.com/akradimo/hesabfa.git'
On branch master
Your branch is up to date with 'origin/master'.

nothing to commit, working tree clean
error: src refspec main does not match any
error: failed to push some refs to 'https://github.com/akradimo/hesabfa.git'
On branch master
Your branch is up to date with 'origin/master'.

nothing to commit, working tree clean
error: src refspec main does not match any
error: failed to push some refs to 'https://github.com/akradimo/hesabfa.git'
On branch master
Your branch is up to date with 'origin/master'.

nothing to commit, working tree clean
error: src refspec main does not match any
error: failed to push some refs to 'https://github.com/akradimo/hesabfa.git'
On branch master
Your branch is up to date with 'origin/master'.

nothing to commit, working tree clean
error: src refspec main does not match any
error: failed to push some refs to 'https://github.com/akradimo/hesabfa.git'
On branch master
Your branch is up to date with 'origin/master'.

nothing to commit, working tree clean
error: src refspec main does not match any
error: failed to push some refs to 'https://github.com/akradimo/hesabfa.git'
On branch master
Your branch is up to date with 'origin/master'.

nothing to commit, working tree clean
error: src refspec main does not match any
error: failed to push some refs to 'https://github.com/akradimo/hesabfa.git'
On branch master
Your branch is up to date with 'origin/master'.

nothing to commit, working tree clean
error: src refspec main does not match any
error: failed to push some refs to 'https://github.com/akradimo/hesabfa.git'
On branch master
Your branch is up to date with 'origin/master'.

nothing to commit, working tree clean
error: src refspec main does not match any
error: failed to push some refs to 'https://github.com/akradimo/hesabfa.git'
On branch master
Your branch is up to date with 'origin/master'.

nothing to commit, working tree clean
error: src refspec main does not match any
error: failed to push some refs to 'https://github.com/akradimo/hesabfa.git'
On branch master
Your branch is up to date with 'origin/master'.

nothing to commit, working tree clean
error: src refspec main does not match any
error: failed to push some refs to 'https://github.com/akradimo/hesabfa.git'
On branch master
Your branch is up to date with 'origin/master'.

nothing to commit, working tree clean
error: src refspec main does not match any
error: failed to push some refs to 'https://github.com/akradimo/hesabfa.git'
On branch master
Your branch is up to date with 'origin/master'.

nothing to commit, working tree clean
error: src refspec main does not match any
error: failed to push some refs to 'https://github.com/akradimo/hesabfa.git'
On branch master
Your branch is up to date with 'origin/master'.

nothing to commit, working tree clean
error: src refspec main does not match any
error: failed to push some refs to 'https://github.com/akradimo/hesabfa.git'
On branch master
Your branch is up to date with 'origin/master'.

nothing to commit, working tree clean
error: src refspec main does not match any
error: failed to push some refs to 'https://github.com/akradimo/hesabfa.git'
On branch master
Your branch is up to date with 'origin/master'.

nothing to commit, working tree clean
error: src refspec main does not match any
error: failed to push some refs to 'https://github.com/akradimo/hesabfa.git'
On branch master
Your branch is up to date with 'origin/master'.

nothing to commit, working tree clean
error: src refspec main does not match any
error: failed to push some refs to 'https://github.com/akradimo/hesabfa.git'
On branch master
Your branch is up to date with 'origin/master'.

nothing to commit, working tree clean
error: src refspec main does not match any
error: failed to push some refs to 'https://github.com/akradimo/hesabfa.git'
On branch master
Your branch is up to date with 'origin/master'.

nothing to commit, working tree clean
error: src refspec main does not match any
error: failed to push some refs to 'https://github.com/akradimo/hesabfa.git'
On branch master
Your branch is up to date with 'origin/master'.

nothing to commit, working tree clean
error: src refspec main does not match any
error: failed to push some refs to 'https://github.com/akradimo/hesabfa.git'
On branch master
Your branch is up to date with 'origin/master'.

nothing to commit, working tree clean
error: src refspec main does not match any
error: failed to push some refs to 'https://github.com/akradimo/hesabfa.git'
On branch master
Your branch is up to date with 'origin/master'.

nothing to commit, working tree clean
error: src refspec main does not match any
error: failed to push some refs to 'https://github.com/akradimo/hesabfa.git'
On branch master
Your branch is up to date with 'origin/master'.

nothing to commit, working tree clean
error: src refspec main does not match any
error: failed to push some refs to 'https://github.com/akradimo/hesabfa.git'
On branch master
Your branch is up to date with 'origin/master'.

nothing to commit, working tree clean
error: src refspec main does not match any
error: failed to push some refs to 'https://github.com/akradimo/hesabfa.git'
On branch master
Your branch is up to date with 'origin/master'.

nothing to commit, working tree clean
error: src refspec main does not match any
error: failed to push some refs to 'https://github.com/akradimo/hesabfa.git'
On branch master
Your branch is up to date with 'origin/master'.

nothing to commit, working tree clean
error: src refspec main does not match any
error: failed to push some refs to 'https://github.com/akradimo/hesabfa.git'
On branch master
Your branch is up to date with 'origin/master'.

nothing to commit, working tree clean
error: src refspec main does not match any
error: failed to push some refs to 'https://github.com/akradimo/hesabfa.git'
On branch master
Your branch is up to date with 'origin/master'.

nothing to commit, working tree clean
error: src refspec main does not match any
error: failed to push some refs to 'https://github.com/akradimo/hesabfa.git'
On branch master
Your branch is up to date with 'origin/master'.

nothing to commit, working tree clean
error: src refspec main does not match any
error: failed to push some refs to 'https://github.com/akradimo/hesabfa.git'
On branch master
Your branch is up to date with 'origin/master'.

nothing to commit, working tree clean
error: src refspec main does not match any
error: failed to push some refs to 'https://github.com/akradimo/hesabfa.git'
On branch master
Your branch is up to date with 'origin/master'.

nothing to commit, working tree clean
error: src refspec main does not match any
error: failed to push some refs to 'https://github.com/akradimo/hesabfa.git'
On branch master
Your branch is up to date with 'origin/master'.

nothing to commit, working tree clean
error: src refspec main does not match any
error: failed to push some refs to 'https://github.com/akradimo/hesabfa.git'
On branch master
Your branch is up to date with 'origin/master'.

nothing to commit, working tree clean
error: src refspec main does not match any
error: failed to push some refs to 'https://github.com/akradimo/hesabfa.git'
On branch master
Your branch is up to date with 'origin/master'.

nothing to commit, working tree clean
error: src refspec main does not match any
error: failed to push some refs to 'https://github.com/akradimo/hesabfa.git'
On branch master
Your branch is up to date with 'origin/master'.

nothing to commit, working tree clean
error: src refspec main does not match any
error: failed to push some refs to 'https://github.com/akradimo/hesabfa.git'
On branch master
Your branch is up to date with 'origin/master'.

nothing to commit, working tree clean
error: src refspec main does not match any
error: failed to push some refs to 'https://github.com/akradimo/hesabfa.git'
On branch master
Your branch is up to date with 'origin/master'.

nothing to commit, working tree clean
error: src refspec main does not match any
error: failed to push some refs to 'https://github.com/akradimo/hesabfa.git'
On branch master
Your branch is up to date with 'origin/master'.

nothing to commit, working tree clean
error: src refspec main does not match any
error: failed to push some refs to 'https://github.com/akradimo/hesabfa.git'
On branch master
Your branch is up to date with 'origin/master'.

nothing to commit, working tree clean
error: src refspec main does not match any
error: failed to push some refs to 'https://github.com/akradimo/hesabfa.git'
On branch master
Your branch is up to date with 'origin/master'.

nothing to commit, working tree clean
error: src refspec main does not match any
error: failed to push some refs to 'https://github.com/akradimo/hesabfa.git'
On branch master
Your branch is up to date with 'origin/master'.

nothing to commit, working tree clean
error: src refspec main does not match any
error: failed to push some refs to 'https://github.com/akradimo/hesabfa.git'
On branch master
Your branch is up to date with 'origin/master'.

nothing to commit, working tree clean
error: src refspec main does not match any
error: failed to push some refs to 'https://github.com/akradimo/hesabfa.git'
On branch master
Your branch is up to date with 'origin/master'.

nothing to commit, working tree clean
error: src refspec main does not match any
error: failed to push some refs to 'https://github.com/akradimo/hesabfa.git'
On branch master
Your branch is up to date with 'origin/master'.

nothing to commit, working tree clean
error: src refspec main does not match any
error: failed to push some refs to 'https://github.com/akradimo/hesabfa.git'
On branch master
Your branch is up to date with 'origin/master'.

nothing to commit, working tree clean
error: src refspec main does not match any
error: failed to push some refs to 'https://github.com/akradimo/hesabfa.git'
On branch master
Your branch is up to date with 'origin/master'.

nothing to commit, working tree clean
error: src refspec main does not match any
error: failed to push some refs to 'https://github.com/akradimo/hesabfa.git'
On branch master
Your branch is up to date with 'origin/master'.

nothing to commit, working tree clean
error: src refspec main does not match any
error: failed to push some refs to 'https://github.com/akradimo/hesabfa.git'
On branch master
Your branch is up to date with 'origin/master'.

nothing to commit, working tree clean
error: src refspec main does not match any
error: failed to push some refs to 'https://github.com/akradimo/hesabfa.git'
On branch master
Your branch is up to date with 'origin/master'.

nothing to commit, working tree clean
error: src refspec main does not match any
error: failed to push some refs to 'https://github.com/akradimo/hesabfa.git'
On branch master
Your branch is up to date with 'origin/master'.

nothing to commit, working tree clean
error: src refspec main does not match any
error: failed to push some refs to 'https://github.com/akradimo/hesabfa.git'
[master 54bb45c] Auto-deploy changes
 1 file changed, 34 insertions(+)
error: src refspec main does not match any
error: failed to push some refs to 'https://github.com/akradimo/hesabfa.git'
On branch master
Your branch is ahead of 'origin/master' by 1 commit.
  (use "git push" to publish your local commits)

nothing to commit, working tree clean
error: src refspec main does not match any
error: failed to push some refs to 'https://github.com/akradimo/hesabfa.git'
[master ab4a693] Auto-deploy changes
 1 file changed, 37 insertions(+), 1 deletion(-)
error: src refspec main does not match any
error: failed to push some refs to 'https://github.com/akradimo/hesabfa.git'
[master 36f006f] Auto-deploy changes
 1 file changed, 46 insertions(+), 1 deletion(-)
error: src refspec main does not match any
error: failed to push some refs to 'https://github.com/akradimo/hesabfa.git'
[master a1fba35] Auto-deploy changes
 2 files changed, 22 insertions(+), 2 deletions(-)
error: src refspec main does not match any
error: failed to push some refs to 'https://github.com/akradimo/hesabfa.git'
[master dcd38ef] Auto-deploy changes
 1 file changed, 18 insertions(+), 1 deletion(-)
error: src refspec main does not match any
error: failed to push some refs to 'https://github.com/akradimo/hesabfa.git'
On branch master
Your branch is ahead of 'origin/master' by 5 commits.
  (use "git push" to publish your local commits)

nothing to commit, working tree clean
error: src refspec main does not match any
error: failed to push some refs to 'https://github.com/akradimo/hesabfa.git'
On branch master
Your branch is ahead of 'origin/master' by 5 commits.
  (use "git push" to publish your local commits)

nothing to commit, working tree clean
error: src refspec main does not match any
error: failed to push some refs to 'https://github.com/akradimo/hesabfa.git'
On branch master
Your branch is ahead of 'origin/master' by 5 commits.
  (use "git push" to publish your local commits)

nothing to commit, working tree clean
error: src refspec main does not match any
error: failed to push some refs to 'https://github.com/akradimo/hesabfa.git'
On branch master
Your branch is ahead of 'origin/master' by 5 commits.
  (use "git push" to publish your local commits)

nothing to commit, working tree clean
error: src refspec main does not match any
error: failed to push some refs to 'https://github.com/akradimo/hesabfa.git'
On branch master
Your branch is ahead of 'origin/master' by 5 commits.
  (use "git push" to publish your local commits)

nothing to commit, working tree clean
error: src refspec main does not match any
error: failed to push some refs to 'https://github.com/akradimo/hesabfa.git'
On branch master
Your branch is ahead of 'origin/master' by 5 commits.
  (use "git push" to publish your local commits)

nothing to commit, working tree clean
error: src refspec main does not match any
error: failed to push some refs to 'https://github.com/akradimo/hesabfa.git'
On branch master
Your branch is ahead of 'origin/master' by 5 commits.
  (use "git push" to publish your local commits)

nothing to commit, working tree clean
error: src refspec main does not match any
error: failed to push some refs to 'https://github.com/akradimo/hesabfa.git'
On branch master
Your branch is ahead of 'origin/master' by 5 commits.
  (use "git push" to publish your local commits)

nothing to commit, working tree clean
error: src refspec main does not match any
error: failed to push some refs to 'https://github.com/akradimo/hesabfa.git'
On branch master
Your branch is ahead of 'origin/master' by 5 commits.
  (use "git push" to publish your local commits)

nothing to commit, working tree clean
error: src refspec main does not match any
error: failed to push some refs to 'https://github.com/akradimo/hesabfa.git'
On branch master
Your branch is ahead of 'origin/master' by 5 commits.
  (use "git push" to publish your local commits)

nothing to commit, working tree clean
error: src refspec main does not match any
error: failed to push some refs to 'https://github.com/akradimo/hesabfa.git'
On branch master
Your branch is ahead of 'origin/master' by 5 commits.
  (use "git push" to publish your local commits)

nothing to commit, working tree clean
error: src refspec main does not match any
error: failed to push some refs to 'https://github.com/akradimo/hesabfa.git'
On branch master
Your branch is ahead of 'origin/master' by 5 commits.
  (use "git push" to publish your local commits)

nothing to commit, working tree clean
error: src refspec main does not match any
error: failed to push some refs to 'https://github.com/akradimo/hesabfa.git'
On branch master
Your branch is ahead of 'origin/master' by 5 commits.
  (use "git push" to publish your local commits)

nothing to commit, working tree clean
error: src refspec main does not match any
error: failed to push some refs to 'https://github.com/akradimo/hesabfa.git'
On branch master
Your branch is ahead of 'origin/master' by 5 commits.
  (use "git push" to publish your local commits)

nothing to commit, working tree clean
error: src refspec main does not match any
error: failed to push some refs to 'https://github.com/akradimo/hesabfa.git'
On branch master
Your branch is up to date with 'origin/master'.

nothing to commit, working tree clean
error: src refspec main does not match any
error: failed to push some refs to 'https://github.com/akradimo/hesabfa.git'
On branch master
Your branch is up to date with 'origin/master'.

nothing to commit, working tree clean
error: src refspec main does not match any
error: failed to push some refs to 'https://github.com/akradimo/hesabfa.git'
On branch master
Your branch is up to date with 'origin/master'.

nothing to commit, working tree clean
error: src refspec main does not match any
error: failed to push some refs to 'https://github.com/akradimo/hesabfa.git'
On branch master
Your branch is up to date with 'origin/master'.

nothing to commit, working tree clean
error: src refspec main does not match any
error: failed to push some refs to 'https://github.com/akradimo/hesabfa.git'
On branch master
Your branch is up to date with 'origin/master'.

nothing to commit, working tree clean
error: src refspec main does not match any
error: failed to push some refs to 'https://github.com/akradimo/hesabfa.git'
On branch master
Your branch is up to date with 'origin/master'.

nothing to commit, working tree clean
error: src refspec main does not match any
error: failed to push some refs to 'https://github.com/akradimo/hesabfa.git'
On branch master
Your branch is up to date with 'origin/master'.

nothing to commit, working tree clean
error: src refspec main does not match any
error: failed to push some refs to 'https://github.com/akradimo/hesabfa.git'
On branch master
Your branch is up to date with 'origin/master'.

nothing to commit, working tree clean
error: src refspec main does not match any
error: failed to push some refs to 'https://github.com/akradimo/hesabfa.git'
On branch master
Your branch is up to date with 'origin/master'.

nothing to commit, working tree clean
error: src refspec main does not match any
error: failed to push some refs to 'https://github.com/akradimo/hesabfa.git'
On branch master
Your branch is up to date with 'origin/master'.

nothing to commit, working tree clean
error: src refspec main does not match any
error: failed to push some refs to 'https://github.com/akradimo/hesabfa.git'
On branch master
Your branch is up to date with 'origin/master'.

nothing to commit, working tree clean
error: src refspec main does not match any
error: failed to push some refs to 'https://github.com/akradimo/hesabfa.git'
On branch master
Your branch is up to date with 'origin/master'.

nothing to commit, working tree clean
error: src refspec main does not match any
error: failed to push some refs to 'https://github.com/akradimo/hesabfa.git'
On branch master
Your branch is up to date with 'origin/master'.

nothing to commit, working tree clean
error: src refspec main does not match any
error: failed to push some refs to 'https://github.com/akradimo/hesabfa.git'
On branch master
Your branch is up to date with 'origin/master'.

nothing to commit, working tree clean
error: src refspec main does not match any
error: failed to push some refs to 'https://github.com/akradimo/hesabfa.git'
On branch master
Your branch is up to date with 'origin/master'.

nothing to commit, working tree clean
error: src refspec main does not match any
error: failed to push some refs to 'https://github.com/akradimo/hesabfa.git'
[master d963f3e] Auto-deploy changes
 2 files changed, 2 deletions(-)
error: src refspec main does not match any
error: failed to push some refs to 'https://github.com/akradimo/hesabfa.git'
On branch master
Your branch is ahead of 'origin/master' by 1 commit.
  (use "git push" to publish your local commits)

nothing to commit, working tree clean
error: src refspec main does not match any
error: failed to push some refs to 'https://github.com/akradimo/hesabfa.git'
On branch master
Your branch is ahead of 'origin/master' by 1 commit.
  (use "git push" to publish your local commits)

nothing to commit, working tree clean
error: src refspec main does not match any
error: failed to push some refs to 'https://github.com/akradimo/hesabfa.git'
[master c5e1b81] Auto-deploy changes
 1 file changed, 713 insertions(+)
error: src refspec main does not match any
error: failed to push some refs to 'https://github.com/akradimo/hesabfa.git'
[master 5688cd5] Auto-deploy changes
 1 file changed, 1 insertion(+)
error: src refspec main does not match any
error: failed to push some refs to 'https://github.com/akradimo/hesabfa.git'
[master 37d993b] Auto-deploy changes
 1 file changed, 3 insertions(+), 1 deletion(-)
error: src refspec main does not match any
error: failed to push some refs to 'https://github.com/akradimo/hesabfa.git'
[master 3167857] Auto-deploy changes
 1 file changed, 1 insertion(+), 1 deletion(-)
error: src refspec main does not match any
error: failed to push some refs to 'https://github.com/akradimo/hesabfa.git'
[master 479be79] Auto-deploy changes
 1 file changed, 1 insertion(+), 1 deletion(-)
error: src refspec main does not match any
error: failed to push some refs to 'https://github.com/akradimo/hesabfa.git'
[master 30a9577] Auto-deploy changes
 1 file changed, 1 insertion(+), 1 deletion(-)
error: src refspec main does not match any
error: failed to push some refs to 'https://github.com/akradimo/hesabfa.git'
[master 3296790] Auto-deploy changes
 1 file changed, 1 insertion(+), 1 deletion(-)
error: src refspec main does not match any
error: failed to push some refs to 'https://github.com/akradimo/hesabfa.git'
On branch master
Your branch is ahead of 'origin/master' by 8 commits.
  (use "git push" to publish your local commits)

nothing to commit, working tree clean
error: src refspec main does not match any
error: failed to push some refs to 'https://github.com/akradimo/hesabfa.git'
On branch master
Your branch is ahead of 'origin/master' by 8 commits.
  (use "git push" to publish your local commits)

nothing to commit, working tree clean
error: src refspec main does not match any
error: failed to push some refs to 'https://github.com/akradimo/hesabfa.git'
[master 090c729] Auto-deploy changes
 2 files changed, 4 insertions(+), 2 deletions(-)
error: src refspec main does not match any
error: failed to push some refs to 'https://github.com/akradimo/hesabfa.git'
[master d9d941f] Auto-deploy changes
 1 file changed, 3 insertions(+), 1 deletion(-)
error: src refspec main does not match any
error: failed to push some refs to 'https://github.com/akradimo/hesabfa.git'
On branch master
Your branch is ahead of 'origin/master' by 10 commits.
  (use "git push" to publish your local commits)

nothing to commit, working tree clean
error: src refspec main does not match any
error: failed to push some refs to 'https://github.com/akradimo/hesabfa.git'
On branch master
Your branch is ahead of 'origin/master' by 10 commits.
  (use "git push" to publish your local commits)

nothing to commit, working tree clean
error: src refspec main does not match any
error: failed to push some refs to 'https://github.com/akradimo/hesabfa.git'
On branch master
Your branch is ahead of 'origin/master' by 10 commits.
  (use "git push" to publish your local commits)

nothing to commit, working tree clean
error: src refspec main does not match any
error: failed to push some refs to 'https://github.com/akradimo/hesabfa.git'
On branch master
Your branch is ahead of 'origin/master' by 10 commits.
  (use "git push" to publish your local commits)

nothing to commit, working tree clean
error: src refspec main does not match any
error: failed to push some refs to 'https://github.com/akradimo/hesabfa.git'
On branch master
Your branch is ahead of 'origin/master' by 10 commits.
  (use "git push" to publish your local commits)

nothing to commit, working tree clean
error: src refspec main does not match any
error: failed to push some refs to 'https://github.com/akradimo/hesabfa.git'
On branch master
Your branch is ahead of 'origin/master' by 10 commits.
  (use "git push" to publish your local commits)

nothing to commit, working tree clean
error: src refspec main does not match any
error: failed to push some refs to 'https://github.com/akradimo/hesabfa.git'
On branch master
Your branch is ahead of 'origin/master' by 10 commits.
  (use "git push" to publish your local commits)

nothing to commit, working tree clean
error: src refspec main does not match any
error: failed to push some refs to 'https://github.com/akradimo/hesabfa.git'
On branch master
Your branch is ahead of 'origin/master' by 10 commits.
  (use "git push" to publish your local commits)

nothing to commit, working tree clean
error: src refspec main does not match any
error: failed to push some refs to 'https://github.com/akradimo/hesabfa.git'
On branch master
Your branch is ahead of 'origin/master' by 10 commits.
  (use "git push" to publish your local commits)

nothing to commit, working tree clean
error: src refspec main does not match any
error: failed to push some refs to 'https://github.com/akradimo/hesabfa.git'
On branch master
Your branch is ahead of 'origin/master' by 10 commits.
  (use "git push" to publish your local commits)

nothing to commit, working tree clean
error: src refspec main does not match any
error: failed to push some refs to 'https://github.com/akradimo/hesabfa.git'
On branch master
Your branch is ahead of 'origin/master' by 10 commits.
  (use "git push" to publish your local commits)

nothing to commit, working tree clean
error: src refspec main does not match any
error: failed to push some refs to 'https://github.com/akradimo/hesabfa.git'
On branch master
Your branch is ahead of 'origin/master' by 10 commits.
  (use "git push" to publish your local commits)

nothing to commit, working tree clean
error: src refspec main does not match any
error: failed to push some refs to 'https://github.com/akradimo/hesabfa.git'
On branch master
Your branch is ahead of 'origin/master' by 10 commits.
  (use "git push" to publish your local commits)

nothing to commit, working tree clean
error: src refspec main does not match any
error: failed to push some refs to 'https://github.com/akradimo/hesabfa.git'
On branch master
Your branch is ahead of 'origin/master' by 10 commits.
  (use "git push" to publish your local commits)

nothing to commit, working tree clean
error: src refspec main does not match any
error: failed to push some refs to 'https://github.com/akradimo/hesabfa.git'
On branch master
Your branch is ahead of 'origin/master' by 10 commits.
  (use "git push" to publish your local commits)

nothing to commit, working tree clean
error: src refspec main does not match any
error: failed to push some refs to 'https://github.com/akradimo/hesabfa.git'
On branch master
Your branch is ahead of 'origin/master' by 10 commits.
  (use "git push" to publish your local commits)

nothing to commit, working tree clean
error: src refspec main does not match any
error: failed to push some refs to 'https://github.com/akradimo/hesabfa.git'
On branch master
Your branch is ahead of 'origin/master' by 10 commits.
  (use "git push" to publish your local commits)

nothing to commit, working tree clean
error: src refspec main does not match any
error: failed to push some refs to 'https://github.com/akradimo/hesabfa.git'
On branch master
Your branch is ahead of 'origin/master' by 10 commits.
  (use "git push" to publish your local commits)

nothing to commit, working tree clean
error: src refspec main does not match any
error: failed to push some refs to 'https://github.com/akradimo/hesabfa.git'
On branch master
Your branch is ahead of 'origin/master' by 10 commits.
  (use "git push" to publish your local commits)

nothing to commit, working tree clean
error: src refspec main does not match any
error: failed to push some refs to 'https://github.com/akradimo/hesabfa.git'
[master 5c8858b] Auto-deploy changes
 1 file changed, 37 insertions(+), 1 deletion(-)
error: src refspec main does not match any
error: failed to push some refs to 'https://github.com/akradimo/hesabfa.git'
On branch master
Your branch is ahead of 'origin/master' by 11 commits.
  (use "git push" to publish your local commits)

nothing to commit, working tree clean
error: src refspec main does not match any
error: failed to push some refs to 'https://github.com/akradimo/hesabfa.git'
[master 168d4c5] Auto-deploy changes
 6 files changed, 0 insertions(+), 0 deletions(-)
 create mode 100644 assets/Fonts/bakh/Yekan-Bakh-FaNum-Bold.woff
 create mode 100644 assets/Fonts/bakh/Yekan-Bakh-FaNum-Heavy.woff
 create mode 100644 assets/Fonts/bakh/Yekan-Bakh-FaNum-Light.woff
 create mode 100644 assets/Fonts/bakh/Yekan-Bakh-FaNum-Medium.woff
 create mode 100644 assets/Fonts/bakh/Yekan-Bakh-FaNum-Regular.woff
 create mode 100644 assets/Fonts/bakh/Yekan-Bakh-FaNum-Thin.woff
error: src refspec main does not match any
error: failed to push some refs to 'https://github.com/akradimo/hesabfa.git'
[master 187114e] Auto-deploy changes
 1 file changed, 7 insertions(+), 7 deletions(-)
error: src refspec main does not match any
error: failed to push some refs to 'https://github.com/akradimo/hesabfa.git'
[master 208224b] Auto-deploy changes
 1 file changed, 18 insertions(+)
error: src refspec main does not match any
error: failed to push some refs to 'https://github.com/akradimo/hesabfa.git'
On branch master
Your branch is ahead of 'origin/master' by 14 commits.
  (use "git push" to publish your local commits)

nothing to commit, working tree clean
error: src refspec main does not match any
error: failed to push some refs to 'https://github.com/akradimo/hesabfa.git'
On branch master
Your branch is ahead of 'origin/master' by 14 commits.
  (use "git push" to publish your local commits)

nothing to commit, working tree clean
error: src refspec main does not match any
error: failed to push some refs to 'https://github.com/akradimo/hesabfa.git'
On branch master
Your branch is ahead of 'origin/master' by 14 commits.
  (use "git push" to publish your local commits)

nothing to commit, working tree clean
error: src refspec main does not match any
error: failed to push some refs to 'https://github.com/akradimo/hesabfa.git'
On branch master
Your branch is ahead of 'origin/master' by 14 commits.
  (use "git push" to publish your local commits)

nothing to commit, working tree clean
error: src refspec main does not match any
error: failed to push some refs to 'https://github.com/akradimo/hesabfa.git'
On branch master
Your branch is ahead of 'origin/master' by 14 commits.
  (use "git push" to publish your local commits)

nothing to commit, working tree clean
error: src refspec main does not match any
error: failed to push some refs to 'https://github.com/akradimo/hesabfa.git'
On branch master
Your branch is ahead of 'origin/master' by 14 commits.
  (use "git push" to publish your local commits)

nothing to commit, working tree clean
error: src refspec main does not match any
error: failed to push some refs to 'https://github.com/akradimo/hesabfa.git'
On branch master
Your branch is ahead of 'origin/master' by 14 commits.
  (use "git push" to publish your local commits)

nothing to commit, working tree clean
error: src refspec main does not match any
error: failed to push some refs to 'https://github.com/akradimo/hesabfa.git'
On branch master
Your branch is ahead of 'origin/master' by 14 commits.
  (use "git push" to publish your local commits)

nothing to commit, working tree clean
error: src refspec main does not match any
error: failed to push some refs to 'https://github.com/akradimo/hesabfa.git'
On branch master
Your branch is ahead of 'origin/master' by 14 commits.
  (use "git push" to publish your local commits)

nothing to commit, working tree clean
error: src refspec main does not match any
error: failed to push some refs to 'https://github.com/akradimo/hesabfa.git'
On branch master
Your branch is ahead of 'origin/master' by 14 commits.
  (use "git push" to publish your local commits)

nothing to commit, working tree clean
error: src refspec main does not match any
error: failed to push some refs to 'https://github.com/akradimo/hesabfa.git'
On branch master
Your branch is ahead of 'origin/master' by 14 commits.
  (use "git push" to publish your local commits)

nothing to commit, working tree clean
error: src refspec main does not match any
error: failed to push some refs to 'https://github.com/akradimo/hesabfa.git'
On branch master
Your branch is ahead of 'origin/master' by 14 commits.
  (use "git push" to publish your local commits)

nothing to commit, working tree clean
error: src refspec main does not match any
error: failed to push some refs to 'https://github.com/akradimo/hesabfa.git'
